Using pre-set license
Built from '2020.3/staging' branch; Version is '2020.3.14f1 (d0d1bb862f9d) revision 13685179'; Using compiler version '192528614'; Build Type 'Release'
OS: 'Windows 10 Pro; OS build 19042.1165; Version 2009; 64bit' Language: 'tr' Physical Memory: 16328 MB
BatchMode: 1, IsHumanControllingUs: 0, StartBugReporterOnCrash: 0, Is64bit: 1, IsPro: 0

 COMMAND LINE ARGUMENTS:
C:\Program Files\Unity\Hub\Editor\2020.3.14f1\Editor\Unity.exe
-adb2
-batchMode
-noUpm
-name
AssetImportWorker0
-projectPath
C:/Users/ogu1c/Projects/Wizcraft/Wizcraft
-logFile
Logs/AssetImportWorker0.log
-srvPort
63054
Successfully changed project path to: C:/Users/ogu1c/Projects/Wizcraft/Wizcraft
C:/Users/ogu1c/Projects/Wizcraft/Wizcraft
Using Asset Import Pipeline V2.
Refreshing native plugins compatible for Editor in 19.12 ms, found 2 plugins.
Preloading 0 native plugins for Editor in 0.00 ms.
Initialize engine version: 2020.3.14f1 (d0d1bb862f9d)
[Subsystems] Discovering subsystems at path C:/Program Files/Unity/Hub/Editor/2020.3.14f1/Editor/Data/Resources/UnitySubsystems
[Subsystems] Discovering subsystems at path C:/Users/ogu1c/Projects/Wizcraft/Wizcraft/Assets
GfxDevice: creating device client; threaded=0
Direct3D:
    Version:  Direct3D 11.0 [level 11.1]
    Renderer: NVIDIA GeForce RTX 3070 (ID=0x2484)
    Vendor:   
    VRAM:     8043 MB
    Driver:   30.0.14.7141
Initialize mono
Mono path[0] = 'C:/Program Files/Unity/Hub/Editor/2020.3.14f1/Editor/Data/Managed'
Mono path[1] = 'C:/Program Files/Unity/Hub/Editor/2020.3.14f1/Editor/Data/MonoBleedingEdge/lib/mono/unityjit'
Mono config path = 'C:/Program Files/Unity/Hub/Editor/2020.3.14f1/Editor/Data/MonoBleedingEdge/etc'
Using monoOptions --debugger-agent=transport=dt_socket,embedding=1,server=y,suspend=n,address=127.0.0.1:56660
Begin MonoManager ReloadAssembly
Registering precompiled unity dll's ...
Register platform support module: C:/Program Files/Unity/Hub/Editor/2020.3.14f1/Editor/Data/PlaybackEngines/WebGLSupport/UnityEditor.WebGL.Extensions.dll
Register platform support module: C:/Program Files/Unity/Hub/Editor/2020.3.14f1/Editor/Data/PlaybackEngines/WindowsStandaloneSupport/UnityEditor.WindowsStandalone.Extensions.dll
Registered in 0.001764 seconds.
Native extension for WindowsStandalone target not found
Native extension for WebGL target not found
Refreshing native plugins compatible for Editor in 18.07 ms, found 2 plugins.
Preloading 0 native plugins for Editor in 0.00 ms.
Mono: successfully reloaded assembly
- Completed reload, in  0.882 seconds
Domain Reload Profiling:
	ReloadAssembly (882ms)
		BeginReloadAssembly (36ms)
			ExecutionOrderSort (0ms)
			DisableScriptedObjects (0ms)
			BackupInstance (0ms)
			ReleaseScriptingObjects (0ms)
			CreateAndSetChildDomain (1ms)
		EndReloadAssembly (322ms)
			LoadAssemblies (34ms)
			RebuildTransferFunctionScriptingTraits (0ms)
			SetupTypeCache (88ms)
			ReleaseScriptCaches (0ms)
			RebuildScriptCaches (18ms)
			SetupLoadedEditorAssemblies (169ms)
				LogAssemblyErrors (0ms)
				InitializePlatformSupportModulesInManaged (3ms)
				SetLoadedEditorAssemblies (0ms)
				RefreshPlugins (18ms)
				BeforeProcessingInitializeOnLoad (78ms)
				ProcessInitializeOnLoadAttributes (52ms)
				ProcessInitializeOnLoadMethodAttributes (17ms)
				AfterProcessingInitializeOnLoad (0ms)
				EditorAssembliesLoaded (0ms)
			ExecutionOrderSort2 (0ms)
			AwakeInstancesAfterBackupRestoration (0ms)
Platform modules already initialized, skipping
Registering precompiled user dll's ...
Registered in 0.002763 seconds.
Begin MonoManager ReloadAssembly
Native extension for WindowsStandalone target not found
Native extension for WebGL target not found
Refreshing native plugins compatible for Editor in 0.32 ms, found 2 plugins.
Preloading 0 native plugins for Editor in 0.00 ms.
Mono: successfully reloaded assembly
- Completed reload, in  0.645 seconds
Domain Reload Profiling:
	ReloadAssembly (646ms)
		BeginReloadAssembly (91ms)
			ExecutionOrderSort (0ms)
			DisableScriptedObjects (3ms)
			BackupInstance (0ms)
			ReleaseScriptingObjects (0ms)
			CreateAndSetChildDomain (13ms)
		EndReloadAssembly (514ms)
			LoadAssemblies (55ms)
			RebuildTransferFunctionScriptingTraits (0ms)
			SetupTypeCache (183ms)
			ReleaseScriptCaches (0ms)
			RebuildScriptCaches (24ms)
			SetupLoadedEditorAssemblies (196ms)
				LogAssemblyErrors (0ms)
				InitializePlatformSupportModulesInManaged (4ms)
				SetLoadedEditorAssemblies (0ms)
				RefreshPlugins (0ms)
				BeforeProcessingInitializeOnLoad (51ms)
				ProcessInitializeOnLoadAttributes (133ms)
				ProcessInitializeOnLoadMethodAttributes (2ms)
				AfterProcessingInitializeOnLoad (5ms)
				EditorAssembliesLoaded (0ms)
			ExecutionOrderSort2 (0ms)
			AwakeInstancesAfterBackupRestoration (4ms)
Platform modules already initialized, skipping
========================================================================
Worker process is ready to serve import requests
Launched and connected shader compiler UnityShaderCompiler.exe after 0.03 seconds
Refreshing native plugins compatible for Editor in 0.25 ms, found 2 plugins.
Preloading 0 native plugins for Editor in 0.00 ms.
Unloading 1391 Unused Serialized files (Serialized files now loaded: 0)
System memory in use before: 64.8 MB.
System memory in use after: 64.8 MB.

Unloading 19 unused Assets to reduce memory usage. Loaded Objects now: 1823.
Total: 1.524400 ms (FindLiveObjects: 0.115800 ms CreateObjectMapping: 0.036400 ms MarkObjects: 1.317900 ms  DeleteObjects: 0.053700 ms)

AssetImportParameters requested are different than current active one (requested -> active):
  custom:framework-win-MediaFoundation: 216162199b28c13a410421893ffa2e32 -> 
  custom:video-decoder-ogg-theora: a1e56fd34408186e4bbccfd4996cb3dc -> 
  custom:container-muxer-webm: aa71ff27fc2769a1b78a27578f13a17b -> 
  custom:container-demuxer-webm: 4f35f7cbe854078d1ac9338744f61a02 -> 
  custom:container-demuxer-ogg: 62fdf1f143b41e24485cea50d1cbac27 -> 
  custom:video-encoder-webm-vp8: eb34c28f22e8b96e1ab97ce403110664 -> 
  custom:video-decoder-webm-vp8: 9c59270c3fd7afecdb556c50c9e8de78 -> 
  custom:audio-decoder-ogg-vorbis: bf7c407c2cedff20999df2af8eb42d56 -> 
  custom:audio-encoder-webm-vorbis: bf7c407c2cedff20999df2af8eb42d56 -> 
========================================================================
Received Import Request.
  path: Assets/Scenes
  artifactKey: Guid(f3b355605ae462145b67259fe1533aba) Importer(815301076,1909f56bfc062723c751e8b465ee728b)
Start importing Assets/Scenes using Guid(f3b355605ae462145b67259fe1533aba) Importer(815301076,1909f56bfc062723c751e8b465ee728b)  -> (artifact id: 'fc8adf6c311d3bf803a0f6b0345701d2') in 0.005925 seconds 
  Import took 0.007676 seconds .

========================================================================
Received Import Request.
  Time since last request: 238.328191 seconds.
  path: Packages/com.unity.ext.nunit/package.json
  artifactKey: Guid(8143d3a8390f2c64685e3bc272bd9e90) Importer(815301076,1909f56bfc062723c751e8b465ee728b)
Start importing Packages/com.unity.ext.nunit/package.json using Guid(8143d3a8390f2c64685e3bc272bd9e90) Importer(815301076,1909f56bfc062723c751e8b465ee728b)  -> (artifact id: '36f449bd9ed4a92e06d659da724da745') in 0.023042 seconds 
  Import took 0.024915 seconds .

========================================================================
Received Import Request.
  Time since last request: 1.038601 seconds.
  path: Packages/com.unity.ide.visualstudio/package.json
  artifactKey: Guid(656f74f6edaa396458412b9e3903d8cd) Importer(815301076,1909f56bfc062723c751e8b465ee728b)
Start importing Packages/com.unity.ide.visualstudio/package.json using Guid(656f74f6edaa396458412b9e3903d8cd) Importer(815301076,1909f56bfc062723c751e8b465ee728b)  -> (artifact id: 'd46db23716272956467c90831c6c24d6') in 0.002030 seconds 
  Import took 0.005690 seconds .

========================================================================
Received Import Request.
  Time since last request: 0.395095 seconds.
  path: Packages/com.unity.collab-proxy/package.json
  artifactKey: Guid(743fda8c4b219c8429fb5a77ede1c879) Importer(815301076,1909f56bfc062723c751e8b465ee728b)
Start importing Packages/com.unity.collab-proxy/package.json using Guid(743fda8c4b219c8429fb5a77ede1c879) Importer(815301076,1909f56bfc062723c751e8b465ee728b)  -> (artifact id: '22711bbe2ecf9b7a08a2aa13e19b453b') in 0.005182 seconds 
  Import took 0.007101 seconds .

========================================================================
Received Import Request.
  Time since last request: 0.332929 seconds.
  path: Packages/com.unity.ugui/package.json
  artifactKey: Guid(319b8889f363f5947acf209c17a94149) Importer(815301076,1909f56bfc062723c751e8b465ee728b)
Start importing Packages/com.unity.ugui/package.json using Guid(319b8889f363f5947acf209c17a94149) Importer(815301076,1909f56bfc062723c751e8b465ee728b)  -> (artifact id: '39d1f12f0f4420a8b9dea50868bbb5d0') in 0.006698 seconds 
  Import took 0.008580 seconds .

========================================================================
Received Import Request.
  Time since last request: 0.339153 seconds.
  path: Packages/com.unity.nuget.newtonsoft-json/package.json
  artifactKey: Guid(f8d4e5c2f2df25449ae8c391afbe5114) Importer(815301076,1909f56bfc062723c751e8b465ee728b)
Start importing Packages/com.unity.nuget.newtonsoft-json/package.json using Guid(f8d4e5c2f2df25449ae8c391afbe5114) Importer(815301076,1909f56bfc062723c751e8b465ee728b)  -> (artifact id: '3887d1616531507fa9c4f23ac1ba7ce0') in 0.007008 seconds 
  Import took 0.008728 seconds .

========================================================================
Received Import Request.
  Time since last request: 1.684254 seconds.
  path: Packages/com.unity.test-framework/package.json
  artifactKey: Guid(d6a2e6e4803de7b43baacdc355fc144d) Importer(815301076,1909f56bfc062723c751e8b465ee728b)
Start importing Packages/com.unity.test-framework/package.json using Guid(d6a2e6e4803de7b43baacdc355fc144d) Importer(815301076,1909f56bfc062723c751e8b465ee728b)  -> (artifact id: '100179ef5992d6ac0239f9a02bae69ee') in 0.006857 seconds 
  Import took 0.008653 seconds .

========================================================================
Received Import Request.
  Time since last request: 0.609208 seconds.
  path: Packages/com.unity.ide.vscode/package.json
  artifactKey: Guid(ffc6271f08270b64ca0aae9c49235d81) Importer(815301076,1909f56bfc062723c751e8b465ee728b)
Start importing Packages/com.unity.ide.vscode/package.json using Guid(ffc6271f08270b64ca0aae9c49235d81) Importer(815301076,1909f56bfc062723c751e8b465ee728b)  -> (artifact id: '121f7f00aee585d875a77b1339ac65f1') in 0.006151 seconds 
  Import took 0.007936 seconds .

========================================================================
Received Import Request.
  Time since last request: 13.766670 seconds.
  path: Assets/ThirdParty
  artifactKey: Guid(0f28da06a9964e545b1cdf8ddcb2574e) Importer(815301076,1909f56bfc062723c751e8b465ee728b)
Start importing Assets/ThirdParty using Guid(0f28da06a9964e545b1cdf8ddcb2574e) Importer(815301076,1909f56bfc062723c751e8b465ee728b)  -> (artifact id: 'a5ccc944e742025535d0524e4d63208a') in 0.004604 seconds 
  Import took 0.006339 seconds .

========================================================================
Received Import Request.
  Time since last request: 64.830994 seconds.
  path: Assets/_TerrainAutoUpgrade/layer_charcoal_1_d3d3aba195e4d26ee.terrainlayer
  artifactKey: Guid(624c00654560dd14aabb10fa6ba5e2e8) Importer(815301076,1909f56bfc062723c751e8b465ee728b)
Start importing Assets/_TerrainAutoUpgrade/layer_charcoal_1_d3d3aba195e4d26ee.terrainlayer using Guid(624c00654560dd14aabb10fa6ba5e2e8) Importer(815301076,1909f56bfc062723c751e8b465ee728b)  -> (artifact id: '3fa42106b3f326cf4a1bb381526a657c') in 0.037431 seconds 
  Import took 0.039177 seconds .

========================================================================
Received Import Request.
  Time since last request: 0.000122 seconds.
  path: Assets/_TerrainAutoUpgrade/layer_dirt_1_fixed_d793646612c42751.terrainlayer
  artifactKey: Guid(723d9a7b46a810b48ae0bd6e46c23668) Importer(815301076,1909f56bfc062723c751e8b465ee728b)
Start importing Assets/_TerrainAutoUpgrade/layer_dirt_1_fixed_d793646612c42751.terrainlayer using Guid(723d9a7b46a810b48ae0bd6e46c23668) Importer(815301076,1909f56bfc062723c751e8b465ee728b)  -> (artifact id: 'e44ee4586187ed99e813827d49ba7e43') in 0.012826 seconds 
  Import took 0.014652 seconds .

========================================================================
Received Import Request.
  Time since last request: 0.000119 seconds.
  path: Assets/_TerrainAutoUpgrade/layer_grass_1_fixed_d793646612c42751.terrainlayer
  artifactKey: Guid(0d3d8839bc529d143aeddcdceb3828cf) Importer(815301076,1909f56bfc062723c751e8b465ee728b)
Start importing Assets/_TerrainAutoUpgrade/layer_grass_1_fixed_d793646612c42751.terrainlayer using Guid(0d3d8839bc529d143aeddcdceb3828cf) Importer(815301076,1909f56bfc062723c751e8b465ee728b)  -> (artifact id: '9f02163e637573cd3268b029b90e80f3') in 0.011005 seconds 
  Import took 0.012640 seconds .

========================================================================
Received Import Request.
  Time since last request: 0.001874 seconds.
  path: Assets/_TerrainAutoUpgrade/layer_grass_1_fixed_d793646612c42751.terrainlayer
  artifactKey: Guid(0d3d8839bc529d143aeddcdceb3828cf) Importer(815301076,1909f56bfc062723c751e8b465ee728b)
Start importing Assets/_TerrainAutoUpgrade/layer_grass_1_fixed_d793646612c42751.terrainlayer using Guid(0d3d8839bc529d143aeddcdceb3828cf) Importer(815301076,1909f56bfc062723c751e8b465ee728b)  -> (artifact id: '9f02163e637573cd3268b029b90e80f3') in 0.013437 seconds 
  Import took 0.015043 seconds .

========================================================================
Received Import Request.
  Time since last request: 4.426744 seconds.
  path: Assets/Mega Fantasy Props Pack
  artifactKey: Guid(ac01a7cf41cb1b247a4e8d0fe93093d2) Importer(815301076,1909f56bfc062723c751e8b465ee728b)
Start importing Assets/Mega Fantasy Props Pack using Guid(ac01a7cf41cb1b247a4e8d0fe93093d2) Importer(815301076,1909f56bfc062723c751e8b465ee728b)  -> (artifact id: 'ec3324b1d6e780fd7ddafbaf1d60be0f') in 0.004835 seconds 
  Import took 0.006426 seconds .

========================================================================
Received Import Request.
  Time since last request: 0.691034 seconds.
  path: Assets/_TerrainAutoUpgrade
  artifactKey: Guid(897403f5f154a04479752ee831db330b) Importer(815301076,1909f56bfc062723c751e8b465ee728b)
Start importing Assets/_TerrainAutoUpgrade using Guid(897403f5f154a04479752ee831db330b) Importer(815301076,1909f56bfc062723c751e8b465ee728b)  -> (artifact id: '4845c36ad5cb20b032fe36e1314ed57d') in 0.004738 seconds 
  Import took 0.006495 seconds .

========================================================================
Received Import Request.
  Time since last request: 109.498680 seconds.
  path: Assets/Fantasy/FreeSlime
  artifactKey: Guid(8a2ac512eeaf32c4d90dab52f839dbb5) Importer(815301076,1909f56bfc062723c751e8b465ee728b)
Start importing Assets/Fantasy/FreeSlime using Guid(8a2ac512eeaf32c4d90dab52f839dbb5) Importer(815301076,1909f56bfc062723c751e8b465ee728b)  -> (artifact id: '4245079786f5c7acfc4a2509902b4f27') in 0.005658 seconds 
  Import took 0.007455 seconds .

========================================================================
Received Import Request.
  Time since last request: 4.137244 seconds.
  path: Assets/Fantasy
  artifactKey: Guid(a99335b96b96e2f45819c1bbdc76b819) Importer(815301076,1909f56bfc062723c751e8b465ee728b)
Start importing Assets/Fantasy using Guid(a99335b96b96e2f45819c1bbdc76b819) Importer(815301076,1909f56bfc062723c751e8b465ee728b)  -> (artifact id: '548d1b9e53ec373604be7016b879bcfb') in 0.004845 seconds 
  Import took 0.006556 seconds .

========================================================================
Received Import Request.
  Time since last request: 73.887401 seconds.
  path: Assets/Fantasy Forest Environment Free Sample/PostProcessing Profile.asset
  artifactKey: Guid(84e004e54aa75074885db0856eedb697) Importer(815301076,1909f56bfc062723c751e8b465ee728b)
Start importing Assets/Fantasy Forest Environment Free Sample/PostProcessing Profile.asset using Guid(84e004e54aa75074885db0856eedb697) Importer(815301076,1909f56bfc062723c751e8b465ee728b)  -> (artifact id: '810decc7507897804d85d8dd5d5ff6f7') in 0.006338 seconds 
  Import took 0.008073 seconds .

========================================================================
Received Import Request.
  Time since last request: 0.696383 seconds.
  path: Assets/_TerrainAutoUpgrade/layer_dirt01b3407d0e55802f81.terrainlayer
  artifactKey: Guid(48b89bc7c83846641bed66085c5be48c) Importer(815301076,1909f56bfc062723c751e8b465ee728b)
Start importing Assets/_TerrainAutoUpgrade/layer_dirt01b3407d0e55802f81.terrainlayer using Guid(48b89bc7c83846641bed66085c5be48c) Importer(815301076,1909f56bfc062723c751e8b465ee728b)  -> (artifact id: '947f55193167e67980b99f3c34083a27') in 0.009112 seconds 
  Import took 0.010790 seconds .

========================================================================
Received Import Request.
  Time since last request: 0.000107 seconds.
  path: Assets/_TerrainAutoUpgrade/layer_grass01b3407d0e55802f81.terrainlayer
  artifactKey: Guid(885daa781619b46409baa3e3e4163e0d) Importer(815301076,1909f56bfc062723c751e8b465ee728b)
Start importing Assets/_TerrainAutoUpgrade/layer_grass01b3407d0e55802f81.terrainlayer using Guid(885daa781619b46409baa3e3e4163e0d) Importer(815301076,1909f56bfc062723c751e8b465ee728b)  -> (artifact id: '2513b496a08dc1884b51049165216efb') in 0.009821 seconds 
  Import took 0.011595 seconds .

========================================================================
Received Import Request.
  Time since last request: 0.000124 seconds.
  path: Assets/_TerrainAutoUpgrade/layer_grass01_bb3407d0e55802f81.terrainlayer
  artifactKey: Guid(d0fad1fdc26345a44ac099a0fbc85e60) Importer(815301076,1909f56bfc062723c751e8b465ee728b)
Start importing Assets/_TerrainAutoUpgrade/layer_grass01_bb3407d0e55802f81.terrainlayer using Guid(d0fad1fdc26345a44ac099a0fbc85e60) Importer(815301076,1909f56bfc062723c751e8b465ee728b)  -> (artifact id: '3e6a2198dca82d48dbe9b86c51006ca0') in 0.010148 seconds 
  Import took 0.011765 seconds .

========================================================================
Received Import Request.
  Time since last request: 1.713376 seconds.
  path: Assets/Fantasy Forest Environment Free Sample
  artifactKey: Guid(174687915f7dd274c92f47e11eaba6b3) Importer(815301076,1909f56bfc062723c751e8b465ee728b)
Start importing Assets/Fantasy Forest Environment Free Sample using Guid(174687915f7dd274c92f47e11eaba6b3) Importer(815301076,1909f56bfc062723c751e8b465ee728b)  -> (artifact id: '04c21d60590c6ba507e77849b7cd33ed') in 0.004927 seconds 
  Import took 0.006687 seconds .

========================================================================
Received Import Request.
  Time since last request: 2.129094 seconds.
  path: Assets/_TerrainAutoUpgrade
  artifactKey: Guid(220ea67e4602a1e42a024e3585cc492b) Importer(815301076,1909f56bfc062723c751e8b465ee728b)
Start importing Assets/_TerrainAutoUpgrade using Guid(220ea67e4602a1e42a024e3585cc492b) Importer(815301076,1909f56bfc062723c751e8b465ee728b)  -> (artifact id: '064e25b41ce5624b88871332f9ed9335') in 0.001718 seconds 
  Import took 0.003466 seconds .

========================================================================
Received Import Request.
  Time since last request: 21.563380 seconds.
  path: Assets/Fantasy Chests PBR
  artifactKey: Guid(f458ba0b5109fd340b16248f6353e289) Importer(815301076,1909f56bfc062723c751e8b465ee728b)
Start importing Assets/Fantasy Chests PBR using Guid(f458ba0b5109fd340b16248f6353e289) Importer(815301076,1909f56bfc062723c751e8b465ee728b)  -> (artifact id: '1bbdfd2db6b7577953f12b1097b8be66') in 0.006995 seconds 
  Import took 0.008783 seconds .

