Using pre-set license
Built from '2020.3/staging' branch; Version is '2020.3.14f1 (d0d1bb862f9d) revision 13685179'; Using compiler version '192528614'; Build Type 'Release'
OS: 'Windows 10 Pro; OS build 19042.1165; Version 2009; 64bit' Language: 'tr' Physical Memory: 16328 MB
BatchMode: 1, IsHumanControllingUs: 0, StartBugReporterOnCrash: 0, Is64bit: 1, IsPro: 0

 COMMAND LINE ARGUMENTS:
C:\Program Files\Unity\Hub\Editor\2020.3.14f1\Editor\Unity.exe
-adb2
-batchMode
-noUpm
-name
AssetImportWorker0
-projectPath
C:/Users/ogu1c/Projects/Wizcraft/Wizcraft
-logFile
Logs/AssetImportWorker0.log
-srvPort
63787
Successfully changed project path to: C:/Users/ogu1c/Projects/Wizcraft/Wizcraft
C:/Users/ogu1c/Projects/Wizcraft/Wizcraft
Using Asset Import Pipeline V2.
Refreshing native plugins compatible for Editor in 25.27 ms, found 2 plugins.
Preloading 0 native plugins for Editor in 0.00 ms.
Initialize engine version: 2020.3.14f1 (d0d1bb862f9d)
[Subsystems] Discovering subsystems at path C:/Program Files/Unity/Hub/Editor/2020.3.14f1/Editor/Data/Resources/UnitySubsystems
[Subsystems] Discovering subsystems at path C:/Users/ogu1c/Projects/Wizcraft/Wizcraft/Assets
GfxDevice: creating device client; threaded=0
Direct3D:
    Version:  Direct3D 11.0 [level 11.1]
    Renderer: NVIDIA GeForce RTX 3070 (ID=0x2484)
    Vendor:   
    VRAM:     8043 MB
    Driver:   30.0.14.7141
Initialize mono
Mono path[0] = 'C:/Program Files/Unity/Hub/Editor/2020.3.14f1/Editor/Data/Managed'
Mono path[1] = 'C:/Program Files/Unity/Hub/Editor/2020.3.14f1/Editor/Data/MonoBleedingEdge/lib/mono/unityjit'
Mono config path = 'C:/Program Files/Unity/Hub/Editor/2020.3.14f1/Editor/Data/MonoBleedingEdge/etc'
Using monoOptions --debugger-agent=transport=dt_socket,embedding=1,server=y,suspend=n,address=127.0.0.1:56132
Begin MonoManager ReloadAssembly
Registering precompiled unity dll's ...
Register platform support module: C:/Program Files/Unity/Hub/Editor/2020.3.14f1/Editor/Data/PlaybackEngines/WebGLSupport/UnityEditor.WebGL.Extensions.dll
Register platform support module: C:/Program Files/Unity/Hub/Editor/2020.3.14f1/Editor/Data/PlaybackEngines/WindowsStandaloneSupport/UnityEditor.WindowsStandalone.Extensions.dll
Registered in 0.001661 seconds.
Native extension for WindowsStandalone target not found
Native extension for WebGL target not found
Refreshing native plugins compatible for Editor in 24.52 ms, found 2 plugins.
Preloading 0 native plugins for Editor in 0.00 ms.
Mono: successfully reloaded assembly
- Completed reload, in  0.780 seconds
Domain Reload Profiling:
	ReloadAssembly (780ms)
		BeginReloadAssembly (36ms)
			ExecutionOrderSort (0ms)
			DisableScriptedObjects (0ms)
			BackupInstance (0ms)
			ReleaseScriptingObjects (0ms)
			CreateAndSetChildDomain (0ms)
		EndReloadAssembly (255ms)
			LoadAssemblies (34ms)
			RebuildTransferFunctionScriptingTraits (0ms)
			SetupTypeCache (85ms)
			ReleaseScriptCaches (0ms)
			RebuildScriptCaches (18ms)
			SetupLoadedEditorAssemblies (106ms)
				LogAssemblyErrors (0ms)
				InitializePlatformSupportModulesInManaged (3ms)
				SetLoadedEditorAssemblies (0ms)
				RefreshPlugins (25ms)
				BeforeProcessingInitializeOnLoad (9ms)
				ProcessInitializeOnLoadAttributes (52ms)
				ProcessInitializeOnLoadMethodAttributes (17ms)
				AfterProcessingInitializeOnLoad (0ms)
				EditorAssembliesLoaded (0ms)
			ExecutionOrderSort2 (0ms)
			AwakeInstancesAfterBackupRestoration (0ms)
Platform modules already initialized, skipping
Registering precompiled user dll's ...
Registered in 0.002766 seconds.
Begin MonoManager ReloadAssembly
Native extension for WindowsStandalone target not found
Native extension for WebGL target not found
Refreshing native plugins compatible for Editor in 0.36 ms, found 2 plugins.
Preloading 0 native plugins for Editor in 0.00 ms.
Mono: successfully reloaded assembly
- Completed reload, in  0.621 seconds
Domain Reload Profiling:
	ReloadAssembly (621ms)
		BeginReloadAssembly (91ms)
			ExecutionOrderSort (0ms)
			DisableScriptedObjects (3ms)
			BackupInstance (0ms)
			ReleaseScriptingObjects (0ms)
			CreateAndSetChildDomain (13ms)
		EndReloadAssembly (488ms)
			LoadAssemblies (56ms)
			RebuildTransferFunctionScriptingTraits (0ms)
			SetupTypeCache (160ms)
			ReleaseScriptCaches (0ms)
			RebuildScriptCaches (24ms)
			SetupLoadedEditorAssemblies (192ms)
				LogAssemblyErrors (0ms)
				InitializePlatformSupportModulesInManaged (4ms)
				SetLoadedEditorAssemblies (0ms)
				RefreshPlugins (0ms)
				BeforeProcessingInitializeOnLoad (50ms)
				ProcessInitializeOnLoadAttributes (130ms)
				ProcessInitializeOnLoadMethodAttributes (2ms)
				AfterProcessingInitializeOnLoad (5ms)
				EditorAssembliesLoaded (0ms)
			ExecutionOrderSort2 (0ms)
			AwakeInstancesAfterBackupRestoration (4ms)
Platform modules already initialized, skipping
========================================================================
Worker process is ready to serve import requests
Launched and connected shader compiler UnityShaderCompiler.exe after 0.03 seconds
Refreshing native plugins compatible for Editor in 0.35 ms, found 2 plugins.
Preloading 0 native plugins for Editor in 0.00 ms.
Unloading 1392 Unused Serialized files (Serialized files now loaded: 0)
System memory in use before: 78.4 MB.
System memory in use after: 78.5 MB.

Unloading 19 unused Assets to reduce memory usage. Loaded Objects now: 1838.
Total: 1.453900 ms (FindLiveObjects: 0.105000 ms CreateObjectMapping: 0.030200 ms MarkObjects: 1.263800 ms  DeleteObjects: 0.054400 ms)

AssetImportParameters requested are different than current active one (requested -> active):
  custom:framework-win-MediaFoundation: 216162199b28c13a410421893ffa2e32 -> 
  custom:video-decoder-ogg-theora: a1e56fd34408186e4bbccfd4996cb3dc -> 
  custom:container-muxer-webm: aa71ff27fc2769a1b78a27578f13a17b -> 
  custom:container-demuxer-webm: 4f35f7cbe854078d1ac9338744f61a02 -> 
  custom:container-demuxer-ogg: 62fdf1f143b41e24485cea50d1cbac27 -> 
  custom:video-encoder-webm-vp8: eb34c28f22e8b96e1ab97ce403110664 -> 
  custom:video-decoder-webm-vp8: 9c59270c3fd7afecdb556c50c9e8de78 -> 
  custom:audio-decoder-ogg-vorbis: bf7c407c2cedff20999df2af8eb42d56 -> 
  custom:audio-encoder-webm-vorbis: bf7c407c2cedff20999df2af8eb42d56 -> 
========================================================================
Received Import Request.
  path: Assets/Plugins/Wolf3D
  artifactKey: Guid(3a0ef4c40b44c08449bd1881374239af) Importer(815301076,1909f56bfc062723c751e8b465ee728b)
Start importing Assets/Plugins/Wolf3D using Guid(3a0ef4c40b44c08449bd1881374239af) Importer(815301076,1909f56bfc062723c751e8b465ee728b)  -> (artifact id: 'f2adbf0d4d7b6a61c18bcce4dc1fd53d') in 0.005689 seconds 
  Import took 0.007363 seconds .

========================================================================
Received Import Request.
  Time since last request: 0.000108 seconds.
  path: Assets/Plugins
  artifactKey: Guid(427b78d562be6d34cb448176cc8d5571) Importer(815301076,1909f56bfc062723c751e8b465ee728b)
Start importing Assets/Plugins using Guid(427b78d562be6d34cb448176cc8d5571) Importer(815301076,1909f56bfc062723c751e8b465ee728b)  -> (artifact id: 'fc50712c659a580724c88cd694e3bfd7') in 0.003439 seconds 
  Import took 0.004722 seconds .

========================================================================
Received Import Request.
  Time since last request: 9.956493 seconds.
  path: Assets/ThirdParty/RPM Avatar Pack
  artifactKey: Guid(8264281a0f6523f458bcbba58d1cfabe) Importer(815301076,1909f56bfc062723c751e8b465ee728b)
Start importing Assets/ThirdParty/RPM Avatar Pack using Guid(8264281a0f6523f458bcbba58d1cfabe) Importer(815301076,1909f56bfc062723c751e8b465ee728b)  -> (artifact id: '912804de39b59f61eea14dcf553d26b6') in 0.004451 seconds 
  Import took 0.006286 seconds .

========================================================================
Received Import Request.
  Time since last request: 1.767463 seconds.
  path: Assets/ThirdParty/Fantasy Wooden GUI  Free
  artifactKey: Guid(1b540dcacd8dfff4f9db2bbaf6ea1a5d) Importer(815301076,1909f56bfc062723c751e8b465ee728b)
Start importing Assets/ThirdParty/Fantasy Wooden GUI  Free using Guid(1b540dcacd8dfff4f9db2bbaf6ea1a5d) Importer(815301076,1909f56bfc062723c751e8b465ee728b)  -> (artifact id: '21eced30fbd8a66bf78cd6b173c4ebff') in 0.004647 seconds 
  Import took 0.006419 seconds .

========================================================================
Received Import Request.
  Time since last request: 5.969518 seconds.
  path: Assets/ThirdParty/Fantasy Forest Environment Free Sample/Scenes
  artifactKey: Guid(62872d07d188c1c40b0a8f51ce5f5d60) Importer(815301076,1909f56bfc062723c751e8b465ee728b)
Start importing Assets/ThirdParty/Fantasy Forest Environment Free Sample/Scenes using Guid(62872d07d188c1c40b0a8f51ce5f5d60) Importer(815301076,1909f56bfc062723c751e8b465ee728b)  -> (artifact id: 'ae0b3030ecc480e47a323a251f0002b0') in 0.004723 seconds 
  Import took 0.006433 seconds .

========================================================================
Received Import Request.
  Time since last request: 0.084652 seconds.
  path: Assets/ThirdParty/Fantasy Forest Environment Free Sample/Scenes/New Terrain.asset
  artifactKey: Guid(02bc0e2176f6a4e4ea3faf0c622664cf) Importer(815301076,1909f56bfc062723c751e8b465ee728b)
Start importing Assets/ThirdParty/Fantasy Forest Environment Free Sample/Scenes/New Terrain.asset using Guid(02bc0e2176f6a4e4ea3faf0c622664cf) Importer(815301076,1909f56bfc062723c751e8b465ee728b) Received signal SIGSEGV
Stack trace:
0x00007ff752e1c8fa (Unity) CreateAssetToGUIDMappingV2
0x00007ff752d7ae70 (Unity) AssetDatabase::CreateAssetToGUIDMapping
0x00007ff751b70415 (Unity) SplatDatabase::CreateTerrainLayerAsset
0x00007ff751b6f0d0 (Unity) SplatDatabase::ConvertSplatsToTerrainLayers
0x00007ff751b6bf3c (Unity) SplatDatabase::AwakeFromLoad
0x00007ff751bb6ad6 (Unity) TerrainData::AwakeFromLoad
0x00007ff75171efef (Unity) AwakeFromLoadQueue::InvokePersistentManagerAwake
0x00007ff75171f942 (Unity) AwakeFromLoadQueue::PersistentManagerAwakeFromLoad
0x00007ff75171faca (Unity) AwakeFromLoadQueue::PersistentManagerAwakeFromLoad
0x00007ff7516ab22e (Unity) PersistentManager::IntegrateAllThreadedObjects
0x00007ff7516abc47 (Unity) PersistentManager::LoadAndIntegrateAllPreallocatedObjects
0x00007ff7516af193 (Unity) PersistentManager::ReadObject
0x00007ff752d73721 (Unity) WritePreviews
0x00007ff752d6d5de (Unity) PreviewImporter::GenerateAssetData
0x00007ff752e61ca9 (Unity) ImportToObjects
0x00007ff752e60ce8 (Unity) ImportAsset
0x00007ff752dc2d28 (Unity) AssetImportWorker::Import
0x00007ff752e169cf (Unity) <lambda_e7e5f5e49556456463706cfa5dd72d0a>::operator()
0x00007ff752eb9fb2 (Unity) asio::detail::completion_handler<core::mutable_function<void __cdecl(void)> >::do_complete
0x00007ff752ebc110 (Unity) asio::detail::win_iocp_io_service::do_one
0x00007ff752ebf89e (Unity) asio::io_service::run
0x00007ff752e42c3b (Unity) RunAssetImportWorkerClientV2
0x00007ff752e42c90 (Unity) RunAssetImporterV2
0x00007ff75231ced6 (Unity) Application::InitializeProject
0x00007ff752cb27c2 (Unity) WinMain
0x00007ff754afa396 (Unity) __scrt_common_main_seh
0x00007ffce8667034 (KERNEL32) BaseThreadInitThunk
0x00007ffcea262651 (ntdll) RtlUserThreadStart

